Thu Nov 15 09:07:43 2018:in construct

Thu Nov 15 09:07:43 2018:in OnInitDialog

Thu Nov 29 09:04:56 2018:in construct

Thu Nov 29 09:04:56 2018:in OnInitDialog

Fri Dec 28 15:06:35 2018:in construct

Fri Dec 28 15:06:35 2018:in OnInitDialog

Fri Dec 28 15:08:42 2018:begin get license file

Fri Dec 28 15:08:50 2018:begin get license file

Fri Dec 28 15:12:39 2018:in construct

Fri Dec 28 15:12:39 2018:in OnInitDialog

Sun Jan 27 13:50:31 2019:in construct

Sun Jan 27 13:50:31 2019:in OnInitDialog

Sun Jan 27 13:50:58 2019:begin get license file

Sun Jan 27 13:51:59 2019:begin get license file

Mon Mar 18 08:43:16 2019:in construct

Mon Mar 18 08:43:16 2019:in OnInitDialog

Mon Mar 18 08:43:44 2019:begin get license file

Wed May 15 13:43:38 2019:in construct

Wed May 15 13:43:38 2019:in OnInitDialog

Wed May 15 13:44:08 2019:begin get license file

