g:\oem\baidufaceai\crdemo\baidufaceaioffline\baidufaceai\baidufaceai\release\baidufaceai.pch
g:\oem\baidufaceai\crdemo\baidufaceaioffline\baidufaceai\baidufaceai\release\vc140.pdb
g:\oem\baidufaceai\crdemo\baidufaceaioffline\baidufaceai\baidufaceai\release\stdafx.obj
g:\oem\baidufaceai\crdemo\baidufaceaioffline\baidufaceai\baidufaceai\release\xmlbasewnd.obj
g:\oem\baidufaceai\crdemo\baidufaceaioffline\baidufaceai\baidufaceai\release\device_enumerator.obj
g:\oem\baidufaceai\crdemo\baidufaceaioffline\baidufaceai\baidufaceai\release\mainwnd.obj
g:\oem\baidufaceai\crdemo\baidufaceaioffline\baidufaceai\baidufaceai\release\liveness.obj
g:\oem\baidufaceai\crdemo\baidufaceaioffline\baidufaceai\baidufaceai\release\image_buf.obj
g:\oem\baidufaceai\crdemo\baidufaceaioffline\baidufaceai\baidufaceai\release\image_base64.obj
g:\oem\baidufaceai\crdemo\baidufaceaioffline\baidufaceai\baidufaceai\release\httpmanager.obj
g:\oem\baidufaceai\crdemo\baidufaceaioffline\baidufaceai\baidufaceai\release\filemanager.obj
g:\oem\baidufaceai\crdemo\baidufaceaioffline\baidufaceai\baidufaceai\release\cv_help.obj
g:\oem\baidufaceai\crdemo\baidufaceaioffline\baidufaceai\baidufaceai\release\cjtts.obj
g:\oem\baidufaceai\crdemo\baidufaceaioffline\baidufaceai\baidufaceai\release\baidufaceaiinclude.obj
g:\oem\baidufaceai\crdemo\baidufaceaioffline\baidufaceai\baidufaceai\release\baidufaceaidlg.obj
g:\oem\baidufaceai\crdemo\baidufaceaioffline\baidufaceai\baidufaceai\release\baidufaceai.obj
g:\oem\baidufaceai\crdemo\baidufaceaioffline\baidufaceai\release\baidufaceai.exe
g:\oem\baidufaceai\crdemo\baidufaceaioffline\baidufaceai\release\baidufaceai.ipdb
g:\oem\baidufaceai\crdemo\baidufaceaioffline\baidufaceai\release\baidufaceai.iobj
g:\oem\baidufaceai\crdemo\baidufaceaioffline\baidufaceai\release\baidufaceai.pdb
g:\oem\baidufaceai\crdemo\baidufaceaioffline\baidufaceai\baidufaceai\release\baidufaceai.res
g:\oem\baidufaceai\crdemo\baidufaceaioffline\baidufaceai\baidufaceai\release\baidufaceai.tlog\cl.command.1.tlog
g:\oem\baidufaceai\crdemo\baidufaceaioffline\baidufaceai\baidufaceai\release\baidufaceai.tlog\cl.read.1.tlog
g:\oem\baidufaceai\crdemo\baidufaceaioffline\baidufaceai\baidufaceai\release\baidufaceai.tlog\cl.write.1.tlog
g:\oem\baidufaceai\crdemo\baidufaceaioffline\baidufaceai\baidufaceai\release\baidufaceai.tlog\link.command.1.tlog
g:\oem\baidufaceai\crdemo\baidufaceaioffline\baidufaceai\baidufaceai\release\baidufaceai.tlog\link.read.1.tlog
g:\oem\baidufaceai\crdemo\baidufaceaioffline\baidufaceai\baidufaceai\release\baidufaceai.tlog\link.write.1.tlog
g:\oem\baidufaceai\crdemo\baidufaceaioffline\baidufaceai\baidufaceai\release\baidufaceai.tlog\rc.command.1.tlog
g:\oem\baidufaceai\crdemo\baidufaceaioffline\baidufaceai\baidufaceai\release\baidufaceai.tlog\rc.read.1.tlog
g:\oem\baidufaceai\crdemo\baidufaceaioffline\baidufaceai\baidufaceai\release\baidufaceai.tlog\rc.write.1.tlog
