  MainWnd.cpp
g:\oem\baidufaceai\crdemo\baidufaceaioffline\baidufaceai\include\duilib\Core/UIManager.h(45): warning C4091: “typedef ”: 没有声明变量时忽略“DuiLib::EVENTTYPE_UI”的左侧
g:\oem\baidufaceai\crdemo\baidufaceaioffline\baidufaceai\include\baidufaceai\opencv2/core/mat.hpp(2586): warning C4819: 该文件包含不能在当前代码页(936)中表示的字符。请将该文件保存为 Unicode 格式以防止数据丢失
g:\oem\baidufaceai\crdemo\baidufaceaioffline\baidufaceai\include\baidufaceai\opencv2/core/persistence.hpp : warning C4819: 该文件包含不能在当前代码页(936)中表示的字符。请将该文件保存为 Unicode 格式以防止数据丢失
g:\oem\baidufaceai\crdemo\baidufaceaioffline\baidufaceai\include\baidufaceai\opencv2/core/utility.hpp : warning C4819: 该文件包含不能在当前代码页(936)中表示的字符。请将该文件保存为 Unicode 格式以防止数据丢失
g:\oem\baidufaceai\crdemo\baidufaceaioffline\baidufaceai\include\baidufaceai\opencv2/core/utility.hpp : warning C4819: 该文件包含不能在当前代码页(936)中表示的字符。请将该文件保存为 Unicode 格式以防止数据丢失
g:\oem\baidufaceai\crdemo\baidufaceaioffline\baidufaceai\include\baidufaceai\opencv2/imgproc.hpp(592): warning C4819: 该文件包含不能在当前代码页(936)中表示的字符。请将该文件保存为 Unicode 格式以防止数据丢失
MainWnd.cpp(133): warning C4244: “=”: 从“double”转换到“float”，可能丢失数据
MainWnd.cpp(180): warning C4305: “初始化”: 从“double”到“float”截断
MainWnd.cpp(188): warning C4244: “初始化”: 从“float”转换到“int”，可能丢失数据
MainWnd.cpp(189): warning C4244: “初始化”: 从“float”转换到“int”，可能丢失数据
MainWnd.cpp(777): warning C4244: “=”: 从“double”转换到“float”，可能丢失数据
  正在生成代码
  188 of 1796 functions (10.5%) were compiled, the rest were copied from previous compilation.
    0 functions were new in current compilation
    158 functions had inline decision re-evaluated but remain unchanged
  已完成代码的生成
json_vc71_libmt.lib(json_reader.obj) : warning LNK4099: 未找到 PDB“lib_json.pdb”(使用“json_vc71_libmt.lib(json_reader.obj)”或在“G:\OEM\BaiDuFaceAI\CRDemo\BaiduFaceAIoffLine\BaiduFaceAI\Release\lib_json.pdb”中寻找)；正在链接对象，如同没有调试信息一样
json_vc71_libmt.lib(json_value.obj) : warning LNK4099: 未找到 PDB“lib_json.pdb”(使用“json_vc71_libmt.lib(json_value.obj)”或在“G:\OEM\BaiDuFaceAI\CRDemo\BaiduFaceAIoffLine\BaiduFaceAI\Release\lib_json.pdb”中寻找)；正在链接对象，如同没有调试信息一样
json_vc71_libmt.lib(json_writer.obj) : warning LNK4099: 未找到 PDB“lib_json.pdb”(使用“json_vc71_libmt.lib(json_writer.obj)”或在“G:\OEM\BaiDuFaceAI\CRDemo\BaiduFaceAIoffLine\BaiduFaceAI\Release\lib_json.pdb”中寻找)；正在链接对象，如同没有调试信息一样
  BaiduFaceAI.vcxproj -> G:\OEM\BaiDuFaceAI\CRDemo\BaiduFaceAIoffLine\BaiduFaceAI\Release\BaiduFaceAI.exe
  BaiduFaceAI.vcxproj -> G:\OEM\BaiDuFaceAI\CRDemo\BaiduFaceAIoffLine\BaiduFaceAI\Release\BaiduFaceAI.pdb (Full PDB)
